
> infrasity@0.1.0 build
> next build

   ▲ Next.js 15.5.2
   - Environments: .env
   - Experiments (use with caution):
     · clientTraceMetadata

   Creating an optimized production build ...

<--- Last few GCs --->

[63678:0x7fd6c8008000]   108814 ms: Scavenge (interleaved) 2028.4 (2078.3) -> 2024.8 (2079.3) MB, pooled: 0 MB, 12.97 / 0.00 ms  (average mu = 0.460, current mu = 0.465) allocation failure; 
[63678:0x7fd6c8008000]   109227 ms: Scavenge (interleaved) 2031.8 (2081.8) -> 2030.1 (2101.1) MB, pooled: 0 MB, 348.46 / 0.00 ms  (average mu = 0.460, current mu = 0.465) allocation failure; 


<--- JS stacktrace --->

FATAL ERROR: Reached heap limit Allocation failed - JavaScript heap out of memory
----- Native stack trace -----

 1: 0x102a51c34 node::OOMErrorHandler(char const*, v8::OOMDetails const&) [/usr/local/bin/node]
 2: 0x102c57728 v8::internal::V8::FatalProcessOutOfMemory(v8::internal::Isolate*, char const*, v8::OOMDetails const&) [/usr/local/bin/node]
 3: 0x102e7d147 v8::internal::Heap::FatalProcessOutOfMemory(char const*) [/usr/local/bin/node]
 4: 0x102e7b29f v8::internal::Heap::CollectGarbage(v8::internal::AllocationSpace, v8::internal::GarbageCollectionReason, v8::GCCallbackFlags) [/usr/local/bin/node]
 5: 0x102e6dec5 v8::internal::HeapAllocator::AllocateRawWithLightRetrySlowPath(int, v8::internal::AllocationType, v8::internal::AllocationOrigin, v8::internal::AllocationAlignment) [/usr/local/bin/node]
 6: 0x102e6e7d4 v8::internal::HeapAllocator::AllocateRawWithRetryOrFailSlowPath(int, v8::internal::AllocationType, v8::internal::AllocationOrigin, v8::internal::AllocationAlignment) [/usr/local/bin/node]
 7: 0x102e4fd63 v8::internal::Factory::NewFillerObject(int, v8::internal::AllocationAlignment, v8::internal::AllocationType, v8::internal::AllocationOrigin) [/usr/local/bin/node]
 8: 0x1032ee86b v8::internal::Runtime_AllocateInYoungGeneration(int, unsigned long*, v8::internal::Isolate*) [/usr/local/bin/node]
 9: 0x1037fa6f6 Builtins_CEntry_Return1_ArgvOnStack_NoBuiltinExit [/usr/local/bin/node]
10: 0x1184899da 
11: 0x118a7df35 
