
> infrasity@0.1.0 dev
> next dev

  ▲ Next.js 14.2.32
  - Local:        http://localhost:3000
  - Environments: .env
  - Experiments (use with caution):
    · instrumentationHook
    · missingSuspenseWithCSRBailout

 ✓ Starting...
 ⚠ Duplicate page detected. src/app/api/contact/route.js and src/app/api/contact/route.ts resolve to /api/contact
 ○ Compiling /instrumentation ...
 ✓ Compiled /instrumentation in 4.4s (1042 modules)
 ⚠ Duplicate page detected. src/app/api/contact/route.js and src/app/api/contact/route.ts resolve to /api/contact
 ✓ Ready in 9.9s
 ○ Compiling /api/contact ...
 ⨯ ./src/app/api/contact/route.js
Module not found: Can't resolve '@/lib/validations/contact'

https://nextjs.org/docs/messages/module-not-found
 ⚠ Page config in /Users/shan/infrasity_frontend/src/app/api/contact/route.ts is deprecated. Replace `export const config=…` with the following:
Visit https://nextjs.org/docs/app/api-reference/file-conventions/route-segment-config for more information.

🌼   daisyUI 4.12.24
├─ ✔︎ 2 themes added		https://daisyui.com/docs/themes
╰─ ❤︎ Support daisyUI project:	https://opencollective.com/daisyui

 ⨯ ./src/app/api/contact/route.js
Module not found: Can't resolve '@/lib/validations/contact'

https://nextjs.org/docs/messages/module-not-found
 ✓ Compiled /_not-found in 3s (2678 modules)
 ○ Compiling /_error ...
 ⨯ ./src/app/api/contact/route.js
Module not found: Can't resolve '@/lib/validations/contact'

https://nextjs.org/docs/messages/module-not-found
 POST /api/contact 500 in 41765ms
 POST /api/contact 500 in 102ms
 POST /api/contact 500 in 94ms
 POST /api/contact 500 in 58ms
 POST /api/contact 500 in 52ms
 POST /api/contact 500 in 48ms
 POST /api/contact 500 in 55ms
 POST /api/contact 500 in 54ms
 ⚠ Duplicate page detected. src/app/api/contact/route.js and src/app/api/contact/route.ts resolve to /api/contact
 ✓ Compiled /_error in 8.8s (7762 modules)
 ⚠ Duplicate page detected. src/app/api/contact/route.js and src/app/api/contact/route.ts resolve to /api/contact
 ✓ Compiled in 6.4s (3945 modules)
 ✓ Compiled in 38.3s (3165 modules)
 ✓ Compiled in 36.4s (3165 modules)
 ✓ Compiled in 4s (3165 modules)
 ✓ Compiled in 5.7s (3165 modules)
 ✓ Compiled in 68.3s (4242 modules)
 ✓ Compiled in 5.1s (3165 modules)
 ✓ Compiled in 1741ms (3165 modules)
 ✓ Compiled in 2.4s (3165 modules)
 ✓ Compiled in 3.1s (3165 modules)
 ✓ Compiled in 1711ms (3165 modules)
